2008-08-13 10:40:38,555 INFO - Terracotta 2.6.3-nightly-rev9691, as of 20080812-180856 (Revision 9691 by cruise@rh4mo0 from 2.6)
2008-08-13 10:40:38,964 INFO - Configuration loaded from the server at 'hala.protrade.com:9510'.
2008-08-13 10:40:39,108 INFO - Log file: '/export/home/fern/terracotta/client-logs/terracotta-client.log'.
2008-08-13 10:40:43,085 INFO - Statistics buffer: '/local/fern/servers/apache-tomcat-5.5.23/statistics-10.0.7.180'.
Aug 13, 2008 10:40:45 AM org.apache.catalina.core.AprLifecycleListener lifecycleEvent
INFO: The Apache Tomcat Native library which allows optimal performance in production environments was not found on the java.library.path: /usr/lib/jvm/java-1.5.0-sun-1.5.0.13/jre/lib/i386/server:/usr/lib/jvm/java-1.5.0-sun-1.5.0.13/jre/lib/i386:/usr/lib/jvm/java-1.5.0-sun-1.5.0.13/jre/../lib/i386
Aug 13, 2008 10:40:46 AM org.apache.coyote.http11.Http11BaseProtocol init
INFO: Initializing Coyote HTTP/1.1 on http-8080
Aug 13, 2008 10:40:46 AM org.apache.coyote.http11.Http11BaseProtocol init
INFO: Initializing Coyote HTTP/1.1 on http-8443
Aug 13, 2008 10:40:46 AM org.apache.catalina.startup.Catalina load
INFO: Initialization processed in 2650 ms
Aug 13, 2008 10:40:47 AM org.apache.catalina.core.StandardService start
INFO: Starting service Catalina
Aug 13, 2008 10:40:47 AM org.apache.catalina.core.StandardEngine start
INFO: Starting Servlet Engine: Apache Tomcat/5.5.23
Aug 13, 2008 10:40:47 AM org.apache.catalina.core.StandardHost start
INFO: XML validation disabled
Aug 13, 2008 10:40:49 AM org.apache.catalina.loader.WebappClassLoader validateJarFile
INFO: validateJarFile(/export/home/fern/servers/jakarta-tomcat/webapps/ROOT/WEB-INF/lib/geronimo-j2ee_1.4_spec-1.1.jar) - jar not loaded. See Servlet Spec 2.3, section 9.7.2. Offending class: javax/servlet/Servlet.class
Aug 13, 2008 10:40:49 AM org.apache.catalina.loader.WebappClassLoader validateJarFile
INFO: validateJarFile(/export/home/fern/servers/jakarta-tomcat/webapps/ROOT/WEB-INF/lib/geronimo-servlet_2.4_spec-1.1.1.jar) - jar not loaded. See Servlet Spec 2.3, section 9.7.2. Offending class: javax/servlet/Servlet.class
2008-08-13 10:40:52,096 [main] INFO  org.springframework.web.context.ContextLoader - Root WebApplicationContext: initialization started
2008-08-13 10:40:55,501 [main] INFO  org.springframework.context.support.ClassPathXmlApplicationContext - Refreshing org.springframework.context.support.ClassPathXmlApplicationContext@48b938: display name [org.springframework.context.support.ClassPathXmlApplicationContext@48b938]; startup date [Wed Aug 13 10:40:55 GMT-08:00 2008]; root of context hierarchy
2008-08-13 10:40:56,063 [main] INFO  org.springframework.beans.factory.xml.XmlBeanDefinitionReader - Loading XML bean definitions from URL [jar:file:/export/home/fern/servers/jakarta-tomcat/webapps/ROOT/WEB-INF/lib/protrade-common-7.0-SNAPSHOT.jar!/beanRefContext.xml]
AW::WARNING - could not load class [org/springframework/aop/config/AopNamespaceUtils] as a resource in loader [WebappClassLoader
  delegate: false
  repositories:
    /WEB-INF/classes/
----------> Parent Classloader:
org.apache.catalina.loader.StandardClassLoader@b6a52e
]
AW::WARNING metadata structure could not be build for method [org.springframework.aop.config.AopNamespaceUtils.registerAutoProxyCreatorIfNecessary:(Lorg/springframework/beans/factory/xml/ParserContext;Ljava/lang/Object;)V] when parsing method [org.springframework.transaction.config.AnnotationDrivenBeanDefinitionParser.parseInternal(..)]
2008-08-13 10:40:56,793 [main] INFO  org.springframework.beans.factory.xml.XmlBeanDefinitionReader - Loading XML bean definitions from URL [jar:file:/export/home/fern/servers/jakarta-tomcat/webapps/ROOT/WEB-INF/lib/protrade-common-7.0-SNAPSHOT.jar!/common-conf-props.xml]
2008-08-13 10:40:57,074 [main] INFO  org.springframework.context.support.ClassPathXmlApplicationContext - Bean factory for application context [org.springframework.context.support.ClassPathXmlApplicationContext@48b938]: org.springframework.beans.factory.support.DefaultListableBeanFactory@aa3e6e
2008-08-13 10:40:57,891 [main] INFO  org.springframework.beans.factory.config.PropertiesFactoryBean - Loading properties file from class path resource [common-conf.properties]
2008-08-13 10:40:57,892 [main] INFO  org.springframework.beans.factory.config.PropertiesFactoryBean - Loading properties file from URL [file://export/home/fern/.protrade-config/common-conf.properties]
2008-08-13 10:40:57,905 [main] INFO  org.springframework.beans.factory.config.PropertiesFactoryBean - Loading properties file from class path resource [svnversion.properties]
2008-08-13 10:40:57,934 [main] INFO  org.springframework.beans.factory.support.DefaultListableBeanFactory - Pre-instantiating singletons in org.springframework.beans.factory.support.DefaultListableBeanFactory@aa3e6e: defining beans [common-conf-properties,common-conf-properties-configurer,basicTestApp,schemaGenApp,sportDataTestApp,fanwarsApp,highSchoolFacebookApp,ffootballSocialApp,sportsimSocialApp,pickemSocialApp,sportsFanSocialApp,terracotta,terracotta-test]; root of factory hierarchy
2008-08-13 10:40:57,989 [main] INFO  org.springframework.context.support.ClassPathXmlApplicationContext - Refreshing org.springframework.context.support.ClassPathXmlApplicationContext@112cc8e: display name [org.springframework.context.support.ClassPathXmlApplicationContext@112cc8e]; startup date [Wed Aug 13 10:40:57 GMT-08:00 2008]; root of context hierarchy
2008-08-13 10:40:57,990 [main] INFO  org.springframework.beans.factory.xml.XmlBeanDefinitionReader - Loading XML bean definitions from class path resource [common-conf-props.xml]
2008-08-13 10:40:57,999 [main] INFO  org.springframework.beans.factory.xml.XmlBeanDefinitionReader - Loading XML bean definitions from class path resource [terracotta-conf.xml]
2008-08-13 10:40:58,120 [main] INFO  org.springframework.context.support.ClassPathXmlApplicationContext - Bean factory for application context [org.springframework.context.support.ClassPathXmlApplicationContext@112cc8e]: org.springframework.beans.factory.support.DefaultListableBeanFactory@183f5e1
2008-08-13 10:40:58,417 [main] INFO  org.springframework.beans.factory.config.PropertiesFactoryBean - Loading properties file from class path resource [common-conf.properties]
2008-08-13 10:40:58,417 [main] INFO  org.springframework.beans.factory.config.PropertiesFactoryBean - Loading properties file from URL [file://export/home/fern/.protrade-config/common-conf.properties]
2008-08-13 10:40:58,530 [main] INFO  org.springframework.beans.factory.config.PropertiesFactoryBean - Loading properties file from class path resource [svnversion.properties]
2008-08-13 10:40:58,535 [main] INFO  org.springframework.beans.factory.support.DefaultListableBeanFactory - Pre-instantiating singletons in org.springframework.beans.factory.support.DefaultListableBeanFactory@183f5e1: defining beans [common-conf-properties,common-conf-properties-configurer,tc-masterRoot,tc-ehcacheManager,tc-base-ehcacheManager,tc-lockCache,tc-cache-map-factory,tc-on-lockCache-withering,tc-on-lockCache-ehcache,tc-on-cache-map-factory,tc-off-lockCache,tc-off-cache-map-factory,tc-pcached]; root of factory hierarchy
2008-08-13 10:40:58,689 [main] INFO  org.springframework.context.support.ClassPathXmlApplicationContext - Refreshing org.springframework.context.support.ClassPathXmlApplicationContext@adc941: display name [org.springframework.context.support.ClassPathXmlApplicationContext@adc941]; startup date [Wed Aug 13 10:40:58 GMT-08:00 2008]; parent: org.springframework.context.support.ClassPathXmlApplicationContext@112cc8e
2008-08-13 10:40:58,690 [main] INFO  org.springframework.beans.factory.xml.XmlBeanDefinitionReader - Loading XML bean definitions from class path resource [common-conf-props.xml]
2008-08-13 10:40:58,781 [main] INFO  org.springframework.beans.factory.xml.XmlBeanDefinitionReader - Loading XML bean definitions from class path resource [common-conf.xml]
2008-08-13 10:40:58,812 [main] INFO  org.springframework.beans.factory.xml.XmlBeanDefinitionReader - Loading XML bean definitions from class path resource [profanityFilter-conf.xml]
2008-08-13 10:40:58,825 [main] INFO  org.springframework.beans.factory.xml.XmlBeanDefinitionReader - Loading XML bean definitions from class path resource [sport-data-conf.xml]
2008-08-13 10:40:58,836 [main] INFO  org.springframework.beans.factory.xml.XmlBeanDefinitionReader - Loading XML bean definitions from class path resource [fandom-data-conf.xml]
2008-08-13 10:40:58,876 [main] INFO  org.springframework.beans.factory.xml.XmlBeanDefinitionReader - Loading XML bean definitions from class path resource [fanwars-conf.xml]
2008-08-13 10:40:58,895 [main] INFO  org.springframework.beans.factory.xml.XmlBeanDefinitionReader - Loading XML bean definitions from URL [file://export/home/fern/.protrade-config/fanwars-conf.xml]
2008-08-13 10:40:59,007 [main] INFO  org.springframework.beans.factory.support.DefaultListableBeanFactory - Overriding bean definition for bean 'fandomContextConfigMap': replacing [Root bean: class [org.springframework.beans.factory.config.ListFactoryBean]; scope=singleton; abstract=false; lazyInit=true; autowireCandidate=true; autowireMode=0; dependencyCheck=0; factoryBeanName=null; factoryMethodName=null; initMethodName=null; destroyMethodName=null; defined in class path resource [fanwars-conf.xml]] with [Root bean: class [org.springframework.beans.factory.config.ListFactoryBean]; scope=singleton; abstract=false; lazyInit=true; autowireCandidate=true; autowireMode=0; dependencyCheck=0; factoryBeanName=null; factoryMethodName=null; initMethodName=null; destroyMethodName=null; defined in URL [file://export/home/fern/.protrade-config/fanwars-conf.xml]]
2008-08-13 10:40:59,008 [main] INFO  org.springframework.beans.factory.xml.XmlBeanDefinitionReader - Loading XML bean definitions from class path resource [ussProvider-conf.xml]
2008-08-13 10:40:59,084 [main] INFO  org.springframework.context.support.ClassPathXmlApplicationContext - Bean factory for application context [org.springframework.context.support.ClassPathXmlApplicationContext@adc941]: org.springframework.beans.factory.support.DefaultListableBeanFactory@1826dc
2008-08-13 10:40:59,798 [main] INFO  org.springframework.beans.factory.config.PropertiesFactoryBean - Loading properties file from class path resource [common-conf.properties]
2008-08-13 10:40:59,798 [main] INFO  org.springframework.beans.factory.config.PropertiesFactoryBean - Loading properties file from URL [file://export/home/fern/.protrade-config/common-conf.properties]
2008-08-13 10:40:59,799 [main] INFO  org.springframework.beans.factory.config.PropertiesFactoryBean - Loading properties file from class path resource [svnversion.properties]
2008-08-13 10:40:59,908 [main] INFO  org.springframework.beans.factory.support.DefaultListableBeanFactory - Pre-instantiating singletons in org.springframework.beans.factory.support.DefaultListableBeanFactory@1826dc: defining beans [common-conf-properties,common-conf-properties-configurer,svnversion,db.base,appConfLocator,appConfLocatorKey,bindAddressLocator,bindAddress,pplist.sport,jdo.sport,db.sport,plist.sport,fbAppMode,pmf.prop.sport,db.fandom,jdo.fandom,pmf.prop.fandom,db.highschool,jdo.highschool,pmf.prop.highschool,db.ffootball,jdo.ffootball,pmf.prop.ffootball,db.sportsim,jdo.sportsim,pmf.prop.sportsim,db.pickem,jdo.pickem,pmf.prop.pickem,rssFetcher,db.sportsfan,jdo.sportsfan,pmf.prop.sportsfan,sportsProfileLinkHelper,profanityFilter,pmf.sport,tx.sport,tx.t.sport,jt.sport,jtdsf.sport,rsdao.sport,sdao.sport,sdao.standing,sdao.standing.ncaaf,sdao.standing.ncaab,pmf.fandom,tx.fandom,tx.t.fandom,jt.fandom,jtdsf.fandom,rsdao.fandom,sdao.fandom.configs,sdao.fandom.core,sdao.fandom.invites,sdao.fandom.cheers,sdao.fandom.rally,sdao.fandom.brawls,sdao.fandom.fanwire,sdao.fandom.apptemplate,serverRootBackend-gsite,serverRootBackend-site,fanwarsAppEventExecutor,imageUrlHelper,fanwarsAppEventHandler,fandom.configs,fandom.configs.bean,fandomContextConfigMap,nav.main,oauth.client,oauth.keys,oauth.provider.myspace,oauth.provider.hi5,usspbase,ussProvider]; parent: org.springframework.beans.factory.support.DefaultListableBeanFactory@183f5e1
2008-08-13 10:41:00,007 [main] INFO  org.springframework.web.context.support.XmlWebApplicationContext - Refreshing org.springframework.web.context.support.XmlWebApplicationContext@d1f311: display name [Root WebApplicationContext]; startup date [Wed Aug 13 10:41:00 GMT-08:00 2008]; parent: org.springframework.context.support.ClassPathXmlApplicationContext@adc941
2008-08-13 10:41:00,011 [main] INFO  org.springframework.beans.factory.xml.XmlBeanDefinitionReader - Loading XML bean definitions from ServletContext resource [/WEB-INF/applicationContext.xml]
2008-08-13 10:41:00,039 [main] INFO  org.springframework.web.context.support.XmlWebApplicationContext - Bean factory for application context [org.springframework.web.context.support.XmlWebApplicationContext@d1f311]: org.springframework.beans.factory.support.DefaultListableBeanFactory@1b7418
2008-08-13 10:41:00,399 [main] INFO  org.springframework.beans.factory.support.DefaultListableBeanFactory - Pre-instantiating singletons in org.springframework.beans.factory.support.DefaultListableBeanFactory@1b7418: defining beans [commentAdmins,appAdmins]; parent: org.springframework.beans.factory.support.DefaultListableBeanFactory@1826dc
2008-08-13 10:41:00,399 [main] INFO  org.springframework.web.context.ContextLoader - Root WebApplicationContext: initialization completed in 8303 ms
2008-08-13 10:41:03,641 [main] DEBUG com.protrade.common.cache.SockPoolFactoryBean - createInstance(): [hala:11211]
2008-08-13 10:41:03,662 [main] DEBUG com.protrade.common.cache.MemCachedClientFactoryBean - createInstance()
2008-08-13 10:41:06,945 [main] INFO  org.apache.tapestry.TapestryFilter - Startup status:

Startup time: 2,237 ms to build IoC Registry, 5,342 ms overall.

Startup services status:
            ActionRenderResponseGenerator: VIRTUAL
         AjaxComponentEventRequestHandler: DEFINED
        AjaxComponentEventResultProcessor: DEFINED
              AjaxPartialResponseRenderer: DEFINED
                                    Alias: REAL
                           AliasOverrides: REAL
                   AppSubscriptionHandler: DEFINED
                      ApplicationDefaults: VIRTUAL
                       ApplicationGlobals: REAL
                   ApplicationInitializer: REAL
                  ApplicationStateManager: DEFINED
ApplicationStatePersistenceStrategySource: DEFINED
                      AssetObjectProvider: REAL
                              AssetSource: VIRTUAL
                            BaseURLSource: DEFINED
                  BeanBlockOverrideSource: DEFINED
                          BeanBlockSource: DEFINED
                          BeanModelSource: DEFINED
                            BindingSource: DEFINED
                             ChainBuilder: VIRTUAL
                             ClassFactory: BUILTIN
                         ClassNameLocator: REAL
               ClasspathAssetAliasManager: DEFINED
                    ClasspathAssetFactory: DEFINED
             ClientPersistentFieldStorage: DEFINED
            ClientPersistentFieldStrategy: DEFINED
                      ComponentClassCache: DEFINED
                    ComponentClassFactory: VIRTUAL
                   ComponentClassResolver: REAL
            ComponentClassTransformWorker: DEFINED
                ComponentClassTransformer: VIRTUAL
                 ComponentDefaultProvider: DEFINED
             ComponentEventRequestHandler: DEFINED
            ComponentEventResultProcessor: DEFINED
         ComponentInstanceResultProcessor: DEFINED
              ComponentInstantiatorSource: REAL
                   ComponentInvocationMap: DEFINED
                  ComponentMessagesSource: DEFINED
                          ComponentSource: DEFINED
                  ComponentTemplateSource: VIRTUAL
                                  Context: DEFINED
                      ContextAssetFactory: DEFINED
                      ContextValueEncoder: DEFINED
                               CookieSink: DEFINED
                             CookieSource: DEFINED
                                  Cookies: DEFINED
                         DataTypeAnalyzer: DEFINED
                  DefaultDataTypeAnalyzer: DEFINED
             DefaultImplementationBuilder: VIRTUAL
                              Environment: VIRTUAL
               EnvironmentalShadowBuilder: DEFINED
                        ExceptionAnalyzer: DEFINED
                         ExceptionTracker: DEFINED
                   FacebookAuthFilterImpl: DEFINED
                          FactoryDefaults: VIRTUAL
                        FbForceModeFilter: DEFINED
                   FieldValidationSupport: DEFINED
              FieldValidatorDefaultSource: DEFINED
                     FieldValidatorSource: DEFINED
                              FormSupport: DEFINED
                       HttpServletRequest: DEFINED
                HttpServletRequestHandler: VIRTUAL
                       IgnoredPathsFilter: DEFINED
                        InjectionProvider: DEFINED
                   InternalRequestGlobals: VIRTUAL
                              LinkFactory: DEFINED
                       LocalizationSetter: DEFINED
                         LocationRenderer: DEFINED
                             LoggerSource: BUILTIN
                         LoggingDecorator: DEFINED
                           MarkupRenderer: DEFINED
                      MarkupWriterFactory: DEFINED
                         MasterDispatcher: DEFINED
                     MasterObjectProvider: REAL
                          MetaDataLocator: DEFINED
                         MultipartDecoder: DEFINED
                  NullFieldStrategySource: DEFINED
                           ObjectRenderer: DEFINED
                        OsForceTypeFilter: DEFINED
                  PageContentTypeAnalyzer: DEFINED
                       PageElementFactory: DEFINED
                               PageLoader: DEFINED
                       PageMarkupRenderer: DEFINED
                                 PagePool: DEFINED
                          PageRenderQueue: DEFINED
                 PageRenderRequestHandler: DEFINED
                        PageRenderSupport: DEFINED
                      PageResourcesSource: DEFINED
                     PageResponseRenderer: DEFINED
                      PageTemplateLocator: DEFINED
                    PartialMarkupRenderer: DEFINED
                   PersistentFieldManager: DEFINED
                         PersistentLocale: DEFINED
                         PerthreadManager: BUILTIN
                          PipelineBuilder: REAL
                       PropBindingFactory: DEFINED
                           PropertyAccess: VIRTUAL
                    PropertyConduitSource: DEFINED
                    PropertyShadowBuilder: VIRTUAL
                      RegistryShutdownHub: BUILTIN
                          RegistryStartup: REAL
                                  Request: VIRTUAL
               RequestEncodingInitializer: DEFINED
                  RequestExceptionHandler: DEFINED
                           RequestGlobals: VIRTUAL
                           RequestHandler: DEFINED
                         RequestLogFilter: DEFINED
                         RequestPageCache: VIRTUAL
                     RequestPathOptimizer: DEFINED
                   RequestSecurityManager: DEFINED
                            ResourceCache: DEFINED
                  ResourceDigestGenerator: DEFINED
                         ResourceStreamer: DEFINED
                                 Response: VIRTUAL
                         ResponseRenderer: DEFINED
                ServiceActivityScoreboard: BUILTIN
                   ServiceLifecycleSource: DEFINED
            ServletApplicationInitializer: REAL
                          StrategyBuilder: VIRTUAL
                             SymbolSource: REAL
                           TemplateParser: DEFINED
                             ThreadLocale: VIRTUAL
                         TranslatorSource: DEFINED
                              TypeCoercer: REAL
                        UpdateListenerHub: REAL
            ValidationConstraintGenerator: DEFINED
                 ValidationMessagesSource: DEFINED
                       ValueEncoderSource: DEFINED
                    WebApplicationContext: DEFINED
                                appAdmins: DEFINED
                           appConfLocator: DEFINED
                        appConfLocatorKey: DEFINED
                              bindAddress: DEFINED
                       bindAddressLocator: DEFINED
                            commentAdmins: DEFINED
                   common-conf-properties: DEFINED
        common-conf-properties-configurer: DEFINED
                                  db.base: DEFINED
                                db.fandom: DEFINED
                             db.ffootball: DEFINED
                            db.highschool: DEFINED
                                db.pickem: DEFINED
                                 db.sport: DEFINED
                             db.sportsfan: DEFINED
                              db.sportsim: DEFINED
                           fandom.configs: DEFINED
                      fandom.configs.bean: DEFINED
                   fandomContextConfigMap: DEFINED
                  fanwarsAppEventExecutor: DEFINED
                   fanwarsAppEventHandler: DEFINED
                                fbAppMode: DEFINED
                           imageUrlHelper: DEFINED
                               jdo.fandom: DEFINED
                            jdo.ffootball: DEFINED
                           jdo.highschool: DEFINED
                               jdo.pickem: DEFINED
                                jdo.sport: DEFINED
                            jdo.sportsfan: DEFINED
                             jdo.sportsim: DEFINED
                                jt.fandom: DEFINED
                                 jt.sport: DEFINED
                             jtdsf.fandom: DEFINED
                              jtdsf.sport: DEFINED
                                 nav.main: DEFINED
                             oauth.client: DEFINED
                               oauth.keys: DEFINED
                       oauth.provider.hi5: DEFINED
                   oauth.provider.myspace: DEFINED
                              plist.sport: DEFINED
                               pmf.fandom: DEFINED
                          pmf.prop.fandom: DEFINED
                       pmf.prop.ffootball: DEFINED
                      pmf.prop.highschool: DEFINED
                          pmf.prop.pickem: DEFINED
                           pmf.prop.sport: DEFINED
                       pmf.prop.sportsfan: DEFINED
                        pmf.prop.sportsim: DEFINED
                                pmf.sport: DEFINED
                             pplist.sport: DEFINED
                          profanityFilter: DEFINED
                             rsdao.fandom: DEFINED
                              rsdao.sport: DEFINED
                               rssFetcher: DEFINED
                  sdao.fandom.apptemplate: DEFINED
                       sdao.fandom.brawls: DEFINED
                       sdao.fandom.cheers: DEFINED
                      sdao.fandom.configs: DEFINED
                         sdao.fandom.core: DEFINED
                      sdao.fandom.fanwire: DEFINED
                      sdao.fandom.invites: DEFINED
                        sdao.fandom.rally: DEFINED
                               sdao.sport: DEFINED
                            sdao.standing: DEFINED
                      sdao.standing.ncaab: DEFINED
                      sdao.standing.ncaaf: DEFINED
                  serverRootBackend-gsite: DEFINED
                   serverRootBackend-site: DEFINED
                  sportsProfileLinkHelper: DEFINED
                               svnversion: DEFINED
                   tc-base-ehcacheManager: DEFINED
                     tc-cache-map-factory: DEFINED
                        tc-ehcacheManager: DEFINED
                             tc-lockCache: DEFINED
                            tc-masterRoot: DEFINED
                 tc-off-cache-map-factory: DEFINED
                         tc-off-lockCache: DEFINED
                  tc-on-cache-map-factory: DEFINED
                  tc-on-lockCache-ehcache: DEFINED
                tc-on-lockCache-withering: DEFINED
                               tc-pcached: DEFINED
                                tx.fandom: DEFINED
                                 tx.sport: DEFINED
                              tx.t.fandom: DEFINED
                               tx.t.sport: DEFINED
                              ussProvider: DEFINED
                                 usspbase: DEFINED

90.74% unrealized services (196/216)

2008-08-13 10:41:06,953 [main] INFO  org.springframework.beans.factory.config.PropertiesFactoryBean - Loading properties file from class path resource [base-jdo.properties]
2008-08-13 10:41:06,953 [main] INFO  org.springframework.beans.factory.config.PropertiesFactoryBean - Loading properties file from class path resource [fandom-data-jdo.properties]
2008-08-13 10:41:06,983 [main] WARN  com.protrade.common.spring.BindAddressLocator - LOCAL BIND ADDRESS: 10.0.7.180
2008-08-13 10:41:06,984 [main] WARN  com.protrade.common.spring.BindAddressLocator -   *** net/inet:	eth0  /  10.0.7.180
2008-08-13 10:41:08,634 [main] ERROR org.apache.catalina.core.ContainerBase.[Catalina].[localhost].[/] - Exception starting filter FandomContext
org.springframework.beans.factory.BeanCreationException: Error creating bean with name 'rsdao.fandom' defined in class path resource [fandom-data-conf.xml]: Cannot resolve reference to bean 'jtdsf.fandom' while setting constructor argument; nested exception is org.springframework.beans.factory.BeanCreationException: Error creating bean with name 'jtdsf.fandom' defined in class path resource [fandom-data-conf.xml]: Cannot resolve reference to bean 'jt.fandom' while setting constructor argument; nested exception is org.springframework.beans.factory.BeanCreationException: Error creating bean with name 'jt.fandom' defined in class path resource [fandom-data-conf.xml]: Cannot resolve reference to bean 'pmf.fandom' while setting constructor argument; nested exception is org.springframework.beans.factory.BeanCreationException: Error creating bean with name 'pmf.fandom' defined in class path resource [fandom-data-conf.xml]: Instantiation of bean failed; nested exception is java.lang.ClassFormatError: Invalid length 65471 in LocalVariableTable in class file kodo/runtime/PersistenceManagerImpl
Caused by: 
org.springframework.beans.factory.BeanCreationException: Error creating bean with name 'jtdsf.fandom' defined in class path resource [fandom-data-conf.xml]: Cannot resolve reference to bean 'jt.fandom' while setting constructor argument; nested exception is org.springframework.beans.factory.BeanCreationException: Error creating bean with name 'jt.fandom' defined in class path resource [fandom-data-conf.xml]: Cannot resolve reference to bean 'pmf.fandom' while setting constructor argument; nested exception is org.springframework.beans.factory.BeanCreationException: Error creating bean with name 'pmf.fandom' defined in class path resource [fandom-data-conf.xml]: Instantiation of bean failed; nested exception is java.lang.ClassFormatError: Invalid length 65471 in LocalVariableTable in class file kodo/runtime/PersistenceManagerImpl
Caused by: 
org.springframework.beans.factory.BeanCreationException: Error creating bean with name 'jt.fandom' defined in class path resource [fandom-data-conf.xml]: Cannot resolve reference to bean 'pmf.fandom' while setting constructor argument; nested exception is org.springframework.beans.factory.BeanCreationException: Error creating bean with name 'pmf.fandom' defined in class path resource [fandom-data-conf.xml]: Instantiation of bean failed; nested exception is java.lang.ClassFormatError: Invalid length 65471 in LocalVariableTable in class file kodo/runtime/PersistenceManagerImpl
Caused by: 
org.springframework.beans.factory.BeanCreationException: Error creating bean with name 'pmf.fandom' defined in class path resource [fandom-data-conf.xml]: Instantiation of bean failed; nested exception is java.lang.ClassFormatError: Invalid length 65471 in LocalVariableTable in class file kodo/runtime/PersistenceManagerImpl
Caused by: 
java.lang.ClassFormatError: Invalid length 65471 in LocalVariableTable in class file kodo/runtime/PersistenceManagerImpl
	at java.lang.ClassLoader.defineClass1(Native Method)
	at java.lang.ClassLoader.defineClass(ClassLoader.java:620)
	at java.security.SecureClassLoader.defineClass(SecureClassLoader.java:124)
	at org.apache.catalina.loader.WebappClassLoader.findClassInternal(WebappClassLoader.java:1847)
	at org.apache.catalina.loader.WebappClassLoader.findClass(WebappClassLoader.java:873)
	at org.apache.catalina.loader.WebappClassLoader.loadClass(WebappClassLoader.java:1326)
	at org.apache.catalina.loader.WebappClassLoader.loadClass(WebappClassLoader.java:1205)
	at java.lang.ClassLoader.loadClassInternal(ClassLoader.java:319)
	at java.lang.Class.getDeclaredMethods0(Native Method)
	at java.lang.Class.privateGetDeclaredMethods(Class.java:2395)
	at java.lang.Class.getDeclaredMethods(Class.java:1763)
	at java.beans.Introspector$1.run(Introspector.java:1265)
	at java.security.AccessController.doPrivileged(Native Method)
	at java.beans.Introspector.getPublicDeclaredMethods(Introspector.java:1263)
	at java.beans.Introspector.getTargetMethodInfo(Introspector.java:1129)
	at java.beans.Introspector.getBeanInfo(Introspector.java:387)
	at java.beans.Introspector.getBeanInfo(Introspector.java:159)
	at java.beans.Introspector.getBeanInfo(Introspector.java:220)
	at java.beans.Introspector.<init>(Introspector.java:368)
	at java.beans.Introspector.getBeanInfo(Introspector.java:159)
	at org.springframework.beans.CachedIntrospectionResults.<init>(CachedIntrospectionResults.java:244)
	at org.springframework.beans.CachedIntrospectionResults.forClass(CachedIntrospectionResults.java:143)
	at org.springframework.beans.BeanWrapperImpl.setIntrospectionClass(BeanWrapperImpl.java:236)
	at org.springframework.beans.BeanWrapperImpl.setWrappedInstance(BeanWrapperImpl.java:194)
	at org.springframework.beans.BeanWrapperImpl.setWrappedInstance(BeanWrapperImpl.java:177)
	at org.springframework.beans.factory.support.ConstructorResolver.instantiateUsingFactoryMethod(ConstructorResolver.java:350)
	at org.springframework.beans.factory.support.AbstractAutowireCapableBeanFactory.instantiateUsingFactoryMethod(AbstractAutowireCapableBeanFactory.java:783)
	at org.springframework.beans.factory.support.AbstractAutowireCapableBeanFactory.createBeanInstance(AbstractAutowireCapableBeanFactory.java:710)
	at org.springframework.beans.factory.support.AbstractAutowireCapableBeanFactory.aw$original$_AW_$createBean$_AW_$org_springframework_beans_factory_support_AbstractAutowireCapableBeanFactory(AbstractAutowireCapableBeanFactory.java:386)
	at org.springframework.beans.factory.support.AbstractAutowireCapableBeanFactory_1_674776996_662555251___AW_JoinPoint.proceed(Unknown Source)
	at com.tcspring.GetBeanProtocol.beanNameCflow(GetBeanProtocol.java:74)
	at org.springframework.beans.factory.support.AbstractAutowireCapableBeanFactory_1_674776996_662555251___AW_JoinPoint.proceed(Unknown Source)
	at org.springframework.beans.factory.support.AbstractAutowireCapableBeanFactory_1_674776996_662555251___AW_JoinPoint.invoke(Unknown Source)
	at org.springframework.beans.factory.support.AbstractAutowireCapableBeanFactory.createBean(AbstractAutowireCapableBeanFactory.java)
	at org.springframework.beans.factory.support.AbstractBeanFactory$1.getObject(AbstractBeanFactory.java:249)
	at org.springframework.beans.factory.support.DefaultSingletonBeanRegistry.getSingleton(DefaultSingletonBeanRegistry.java:155)
	at org.springframework.beans.factory.support.AbstractBeanFactory.getBean(AbstractBeanFactory.java:246)
	at org.springframework.beans.factory.support.AbstractBeanFactory.getBean(AbstractBeanFactory.java:160)
	at org.springframework.beans.factory.support.BeanDefinitionValueResolver.resolveReference(BeanDefinitionValueResolver.java:267)
	at org.springframework.beans.factory.support.BeanDefinitionValueResolver.resolveValueIfNecessary(BeanDefinitionValueResolver.java:110)
	at org.springframework.beans.factory.support.ConstructorResolver.resolveConstructorArguments(ConstructorResolver.java:401)
	at org.springframework.beans.factory.support.ConstructorResolver.autowireConstructor(ConstructorResolver.java:121)
	at org.springframework.beans.factory.support.AbstractAutowireCapableBeanFactory.autowireConstructor(AbstractAutowireCapableBeanFactory.java:800)
	at org.springframework.beans.factory.support.AbstractAutowireCapableBeanFactory.createBeanInstance(AbstractAutowireCapableBeanFactory.java:718)
	at org.springframework.beans.factory.support.AbstractAutowireCapableBeanFactory.aw$original$_AW_$createBean$_AW_$org_springframework_beans_factory_support_AbstractAutowireCapableBeanFactory(AbstractAutowireCapableBeanFactory.java:386)
	at org.springframework.beans.factory.support.AbstractAutowireCapableBeanFactory_1_674776996_662555251___AW_JoinPoint.proceed(Unknown Source)
	at com.tcspring.GetBeanProtocol.beanNameCflow(GetBeanProtocol.java:74)
	at org.springframework.beans.factory.support.AbstractAutowireCapableBeanFactory_1_674776996_662555251___AW_JoinPoint.proceed(Unknown Source)
	at org.springframework.beans.factory.support.AbstractAutowireCapableBeanFactory_1_674776996_662555251___AW_JoinPoint.invoke(Unknown Source)
	at org.springframework.beans.factory.support.AbstractAutowireCapableBeanFactory.createBean(AbstractAutowireCapableBeanFactory.java)
	at org.springframework.beans.factory.support.AbstractBeanFactory$1.getObject(AbstractBeanFactory.java:249)
	at org.springframework.beans.factory.support.DefaultSingletonBeanRegistry.getSingleton(DefaultSingletonBeanRegistry.java:155)
	at org.springframework.beans.factory.support.AbstractBeanFactory.getBean(AbstractBeanFactory.java:246)
	at org.springframework.beans.factory.support.AbstractBeanFactory.getBean(AbstractBeanFactory.java:160)
	at org.springframework.beans.factory.support.BeanDefinitionValueResolver.resolveReference(BeanDefinitionValueResolver.java:267)
	at org.springframework.beans.factory.support.BeanDefinitionValueResolver.resolveValueIfNecessary(BeanDefinitionValueResolver.java:110)
	at org.springframework.beans.factory.support.ConstructorResolver.resolveConstructorArguments(ConstructorResolver.java:401)
	at org.springframework.beans.factory.support.ConstructorResolver.autowireConstructor(ConstructorResolver.java:121)
	at org.springframework.beans.factory.support.AbstractAutowireCapableBeanFactory.autowireConstructor(AbstractAutowireCapableBeanFactory.java:800)
	at org.springframework.beans.factory.support.AbstractAutowireCapableBeanFactory.createBeanInstance(AbstractAutowireCapableBeanFactory.java:718)
	at org.springframework.beans.factory.support.AbstractAutowireCapableBeanFactory.aw$original$_AW_$createBean$_AW_$org_springframework_beans_factory_support_AbstractAutowireCapableBeanFactory(AbstractAutowireCapableBeanFactory.java:386)
	at org.springframework.beans.factory.support.AbstractAutowireCapableBeanFactory_1_674776996_662555251___AW_JoinPoint.proceed(Unknown Source)
	at com.tcspring.GetBeanProtocol.beanNameCflow(GetBeanProtocol.java:74)
	at org.springframework.beans.factory.support.AbstractAutowireCapableBeanFactory_1_674776996_662555251___AW_JoinPoint.proceed(Unknown Source)
	at org.springframework.beans.factory.support.AbstractAutowireCapableBeanFactory_1_674776996_662555251___AW_JoinPoint.invoke(Unknown Source)
	at org.springframework.beans.factory.support.AbstractAutowireCapableBeanFactory.createBean(AbstractAutowireCapableBeanFactory.java)
	at org.springframework.beans.factory.support.AbstractBeanFactory$1.getObject(AbstractBeanFactory.java:249)
	at org.springframework.beans.factory.support.DefaultSingletonBeanRegistry.getSingleton(DefaultSingletonBeanRegistry.java:155)
	at org.springframework.beans.factory.support.AbstractBeanFactory.getBean(AbstractBeanFactory.java:246)
	at org.springframework.beans.factory.support.AbstractBeanFactory.getBean(AbstractBeanFactory.java:160)
	at org.springframework.beans.factory.support.BeanDefinitionValueResolver.resolveReference(BeanDefinitionValueResolver.java:267)
	at org.springframework.beans.factory.support.BeanDefinitionValueResolver.resolveValueIfNecessary(BeanDefinitionValueResolver.java:110)
	at org.springframework.beans.factory.support.ConstructorResolver.resolveConstructorArguments(ConstructorResolver.java:401)
	at org.springframework.beans.factory.support.ConstructorResolver.autowireConstructor(ConstructorResolver.java:121)
	at org.springframework.beans.factory.support.AbstractAutowireCapableBeanFactory.autowireConstructor(AbstractAutowireCapableBeanFactory.java:800)
	at org.springframework.beans.factory.support.AbstractAutowireCapableBeanFactory.createBeanInstance(AbstractAutowireCapableBeanFactory.java:718)
	at org.springframework.beans.factory.support.AbstractAutowireCapableBeanFactory.aw$original$_AW_$createBean$_AW_$org_springframework_beans_factory_support_AbstractAutowireCapableBeanFactory(AbstractAutowireCapableBeanFactory.java:386)
	at org.springframework.beans.factory.support.AbstractAutowireCapableBeanFactory_1_674776996_662555251___AW_JoinPoint.proceed(Unknown Source)
	at com.tcspring.GetBeanProtocol.beanNameCflow(GetBeanProtocol.java:74)
	at org.springframework.beans.factory.support.AbstractAutowireCapableBeanFactory_1_674776996_662555251___AW_JoinPoint.proceed(Unknown Source)
	at org.springframework.beans.factory.support.AbstractAutowireCapableBeanFactory_1_674776996_662555251___AW_JoinPoint.invoke(Unknown Source)
	at org.springframework.beans.factory.support.AbstractAutowireCapableBeanFactory.createBean(AbstractAutowireCapableBeanFactory.java)
	at org.springframework.beans.factory.support.AbstractBeanFactory$1.getObject(AbstractBeanFactory.java:249)
	at org.springframework.beans.factory.support.DefaultSingletonBeanRegistry.getSingleton(DefaultSingletonBeanRegistry.java:155)
	at org.springframework.beans.factory.support.AbstractBeanFactory.getBean(AbstractBeanFactory.java:246)
	at org.springframework.beans.factory.support.AbstractBeanFactory.getBean(AbstractBeanFactory.java:227)
	at org.springframework.beans.factory.support.AbstractBeanFactory.getBean(AbstractBeanFactory.java:164)
	at org.springframework.context.support.AbstractApplicationContext.getBean(AbstractApplicationContext.java:761)
	at com.protrade.common.web.ProtradeFilter.getConfBean(ProtradeFilter.java:78)
	at com.protrade.fanwars.base.filters.FandomContextFilter.init(FandomContextFilter.java:31)
	at com.protrade.common.web.ProtradeFilter.init(ProtradeFilter.java:37)
	at org.apache.catalina.core.ApplicationFilterConfig.getFilter(ApplicationFilterConfig.java:221)
	at org.apache.catalina.core.ApplicationFilterConfig.setFilterDef(ApplicationFilterConfig.java:302)
	at org.apache.catalina.core.ApplicationFilterConfig.<init>(ApplicationFilterConfig.java:78)
	at org.apache.catalina.core.StandardContext.filterStart(StandardContext.java:3635)
	at org.apache.catalina.core.StandardContext.start(StandardContext.java:4222)
	at org.apache.catalina.core.ContainerBase.addChildInternal(ContainerBase.java:760)
	at org.apache.catalina.core.ContainerBase.addChild(ContainerBase.java:740)
	at org.apache.catalina.core.StandardHost.addChild(StandardHost.java:544)
	at org.apache.catalina.startup.HostConfig.deployDirectory(HostConfig.java:920)
	at org.apache.catalina.startup.HostConfig.deployDirectories(HostConfig.java:883)
	at org.apache.catalina.startup.HostConfig.deployApps(HostConfig.java:492)
	at org.apache.catalina.startup.HostConfig.start(HostConfig.java:1138)
	at org.apache.catalina.startup.HostConfig.lifecycleEvent(HostConfig.java:311)
	at org.apache.catalina.util.LifecycleSupport.fireLifecycleEvent(LifecycleSupport.java:120)
	at org.apache.catalina.core.ContainerBase.start(ContainerBase.java:1022)
	at org.apache.catalina.core.StandardHost.start(StandardHost.java:736)
	at org.apache.catalina.core.ContainerBase.start(ContainerBase.java:1014)
	at org.apache.catalina.core.StandardEngine.start(StandardEngine.java:443)
	at org.apache.catalina.core.StandardService.start(StandardService.java:448)
	at org.apache.catalina.core.StandardServer.start(StandardServer.java:700)
	at org.apache.catalina.startup.Catalina.start(Catalina.java:552)
	at sun.reflect.NativeMethodAccessorImpl.invoke0(Native Method)
	at sun.reflect.NativeMethodAccessorImpl.invoke(NativeMethodAccessorImpl.java:39)
	at sun.reflect.DelegatingMethodAccessorImpl.invoke(DelegatingMethodAccessorImpl.java:25)
	at java.lang.reflect.Method.invoke(Method.java:585)
	at org.apache.catalina.startup.Bootstrap.start(Bootstrap.java:295)
	at org.apache.catalina.startup.Bootstrap.main(Bootstrap.java:433)
2008-08-13 10:41:09,544 [main] ERROR org.apache.catalina.core.ContainerBase.[Catalina].[localhost].[/] - Exception starting filter OpenPM
org.springframework.beans.factory.BeanCreationException: Error creating bean with name 'pmf.fandom' defined in class path resource [fandom-data-conf.xml]: Instantiation of bean failed; nested exception is java.lang.ClassFormatError: Invalid length 65471 in LocalVariableTable in class file kodo/runtime/PersistenceManagerImpl
Caused by: 
java.lang.ClassFormatError: Invalid length 65471 in LocalVariableTable in class file kodo/runtime/PersistenceManagerImpl
	at java.lang.ClassLoader.defineClass1(Native Method)
	at java.lang.ClassLoader.defineClass(ClassLoader.java:620)
	at java.security.SecureClassLoader.defineClass(SecureClassLoader.java:124)
	at org.apache.catalina.loader.WebappClassLoader.findClassInternal(WebappClassLoader.java:1847)
	at org.apache.catalina.loader.WebappClassLoader.findClass(WebappClassLoader.java:873)
	at org.apache.catalina.loader.WebappClassLoader.loadClass(WebappClassLoader.java:1326)
	at org.apache.catalina.loader.WebappClassLoader.loadClass(WebappClassLoader.java:1205)
	at java.lang.ClassLoader.loadClassInternal(ClassLoader.java:319)
	at java.lang.Class.getDeclaredMethods0(Native Method)
	at java.lang.Class.privateGetDeclaredMethods(Class.java:2395)
	at java.lang.Class.getDeclaredMethods(Class.java:1763)
	at java.beans.Introspector$1.run(Introspector.java:1265)
	at java.security.AccessController.doPrivileged(Native Method)
	at java.beans.Introspector.getPublicDeclaredMethods(Introspector.java:1263)
	at java.beans.Introspector.getTargetMethodInfo(Introspector.java:1129)
	at java.beans.Introspector.getBeanInfo(Introspector.java:387)
	at java.beans.Introspector.getBeanInfo(Introspector.java:159)
	at java.beans.Introspector.getBeanInfo(Introspector.java:220)
	at java.beans.Introspector.<init>(Introspector.java:368)
	at java.beans.Introspector.getBeanInfo(Introspector.java:159)
	at org.springframework.beans.CachedIntrospectionResults.<init>(CachedIntrospectionResults.java:244)
	at org.springframework.beans.CachedIntrospectionResults.forClass(CachedIntrospectionResults.java:143)
	at org.springframework.beans.BeanWrapperImpl.setIntrospectionClass(BeanWrapperImpl.java:236)
	at org.springframework.beans.BeanWrapperImpl.setWrappedInstance(BeanWrapperImpl.java:194)
	at org.springframework.beans.BeanWrapperImpl.setWrappedInstance(BeanWrapperImpl.java:177)
	at org.springframework.beans.factory.support.ConstructorResolver.instantiateUsingFactoryMethod(ConstructorResolver.java:350)
	at org.springframework.beans.factory.support.AbstractAutowireCapableBeanFactory.instantiateUsingFactoryMethod(AbstractAutowireCapableBeanFactory.java:783)
	at org.springframework.beans.factory.support.AbstractAutowireCapableBeanFactory.createBeanInstance(AbstractAutowireCapableBeanFactory.java:710)
	at org.springframework.beans.factory.support.AbstractAutowireCapableBeanFactory.aw$original$_AW_$createBean$_AW_$org_springframework_beans_factory_support_AbstractAutowireCapableBeanFactory(AbstractAutowireCapableBeanFactory.java:386)
	at org.springframework.beans.factory.support.AbstractAutowireCapableBeanFactory_1_674776996_662555251___AW_JoinPoint.proceed(Unknown Source)
	at com.tcspring.GetBeanProtocol.beanNameCflow(GetBeanProtocol.java:74)
	at org.springframework.beans.factory.support.AbstractAutowireCapableBeanFactory_1_674776996_662555251___AW_JoinPoint.proceed(Unknown Source)
	at org.springframework.beans.factory.support.AbstractAutowireCapableBeanFactory_1_674776996_662555251___AW_JoinPoint.invoke(Unknown Source)
	at org.springframework.beans.factory.support.AbstractAutowireCapableBeanFactory.createBean(AbstractAutowireCapableBeanFactory.java)
	at org.springframework.beans.factory.support.AbstractBeanFactory$1.getObject(AbstractBeanFactory.java:249)
	at org.springframework.beans.factory.support.DefaultSingletonBeanRegistry.getSingleton(DefaultSingletonBeanRegistry.java:155)
	at org.springframework.beans.factory.support.AbstractBeanFactory.getBean(AbstractBeanFactory.java:246)
	at org.springframework.beans.factory.support.AbstractBeanFactory.getBean(AbstractBeanFactory.java:227)
	at org.springframework.beans.factory.support.AbstractBeanFactory.getBean(AbstractBeanFactory.java:164)
	at org.springframework.context.support.AbstractApplicationContext.getBean(AbstractApplicationContext.java:761)
	at com.protrade.common.web.ProtradeFilter.getConfBean(ProtradeFilter.java:78)
	at com.protrade.common.spring.OpenPMFilter.init(OpenPMFilter.java:34)
	at com.protrade.common.web.ProtradeFilter.init(ProtradeFilter.java:37)
	at org.apache.catalina.core.ApplicationFilterConfig.getFilter(ApplicationFilterConfig.java:221)
	at org.apache.catalina.core.ApplicationFilterConfig.setFilterDef(ApplicationFilterConfig.java:302)
	at org.apache.catalina.core.ApplicationFilterConfig.<init>(ApplicationFilterConfig.java:78)
	at org.apache.catalina.core.StandardContext.filterStart(StandardContext.java:3635)
	at org.apache.catalina.core.StandardContext.start(StandardContext.java:4222)
	at org.apache.catalina.core.ContainerBase.addChildInternal(ContainerBase.java:760)
	at org.apache.catalina.core.ContainerBase.addChild(ContainerBase.java:740)
	at org.apache.catalina.core.StandardHost.addChild(StandardHost.java:544)
	at org.apache.catalina.startup.HostConfig.deployDirectory(HostConfig.java:920)
	at org.apache.catalina.startup.HostConfig.deployDirectories(HostConfig.java:883)
	at org.apache.catalina.startup.HostConfig.deployApps(HostConfig.java:492)
	at org.apache.catalina.startup.HostConfig.start(HostConfig.java:1138)
	at org.apache.catalina.startup.HostConfig.lifecycleEvent(HostConfig.java:311)
	at org.apache.catalina.util.LifecycleSupport.fireLifecycleEvent(LifecycleSupport.java:120)
	at org.apache.catalina.core.ContainerBase.start(ContainerBase.java:1022)
	at org.apache.catalina.core.StandardHost.start(StandardHost.java:736)
	at org.apache.catalina.core.ContainerBase.start(ContainerBase.java:1014)
	at org.apache.catalina.core.StandardEngine.start(StandardEngine.java:443)
	at org.apache.catalina.core.StandardService.start(StandardService.java:448)
	at org.apache.catalina.core.StandardServer.start(StandardServer.java:700)
	at org.apache.catalina.startup.Catalina.start(Catalina.java:552)
	at sun.reflect.NativeMethodAccessorImpl.invoke0(Native Method)
	at sun.reflect.NativeMethodAccessorImpl.invoke(NativeMethodAccessorImpl.java:39)
	at sun.reflect.DelegatingMethodAccessorImpl.invoke(DelegatingMethodAccessorImpl.java:25)
	at java.lang.reflect.Method.invoke(Method.java:585)
	at org.apache.catalina.startup.Bootstrap.start(Bootstrap.java:295)
	at org.apache.catalina.startup.Bootstrap.main(Bootstrap.java:433)
Aug 13, 2008 10:41:09 AM org.apache.catalina.core.StandardContext start
SEVERE: Error filterStart
Aug 13, 2008 10:41:09 AM org.apache.catalina.core.StandardContext start
SEVERE: Context [] startup failed due to previous errors
2008-08-13 10:41:09,547 [main] INFO  org.springframework.web.context.support.XmlWebApplicationContext - Closing org.springframework.web.context.support.XmlWebApplicationContext@d1f311: display name [Root WebApplicationContext]; startup date [Wed Aug 13 10:41:00 GMT-08:00 2008]; parent: org.springframework.context.support.ClassPathXmlApplicationContext@adc941
2008-08-13 10:41:09,548 [main] INFO  org.springframework.beans.factory.support.DefaultListableBeanFactory - Destroying singletons in org.springframework.beans.factory.support.DefaultListableBeanFactory@1b7418: defining beans [commentAdmins,appAdmins]; parent: org.springframework.beans.factory.support.DefaultListableBeanFactory@1826dc
2008-08-13 10:41:09,548 [main] INFO  org.springframework.context.support.ClassPathXmlApplicationContext - Closing org.springframework.context.support.ClassPathXmlApplicationContext@48b938: display name [org.springframework.context.support.ClassPathXmlApplicationContext@48b938]; startup date [Wed Aug 13 10:40:55 GMT-08:00 2008]; root of context hierarchy
2008-08-13 10:41:09,556 [main] INFO  org.springframework.beans.factory.support.DefaultListableBeanFactory - Destroying singletons in org.springframework.beans.factory.support.DefaultListableBeanFactory@aa3e6e: defining beans [common-conf-properties,common-conf-properties-configurer,basicTestApp,schemaGenApp,sportDataTestApp,fanwarsApp,highSchoolFacebookApp,ffootballSocialApp,sportsimSocialApp,pickemSocialApp,sportsFanSocialApp,terracotta,terracotta-test]; root of factory hierarchy
2008-08-13 10:41:09,557 [main] INFO  org.springframework.context.support.ClassPathXmlApplicationContext - Closing org.springframework.context.support.ClassPathXmlApplicationContext@adc941: display name [org.springframework.context.support.ClassPathXmlApplicationContext@adc941]; startup date [Wed Aug 13 10:40:58 GMT-08:00 2008]; parent: org.springframework.context.support.ClassPathXmlApplicationContext@112cc8e
2008-08-13 10:41:09,561 [main] INFO  org.springframework.beans.factory.support.DefaultListableBeanFactory - Destroying singletons in org.springframework.beans.factory.support.DefaultListableBeanFactory@1826dc: defining beans [common-conf-properties,common-conf-properties-configurer,svnversion,db.base,appConfLocator,appConfLocatorKey,bindAddressLocator,bindAddress,pplist.sport,jdo.sport,db.sport,plist.sport,fbAppMode,pmf.prop.sport,db.fandom,jdo.fandom,pmf.prop.fandom,db.highschool,jdo.highschool,pmf.prop.highschool,db.ffootball,jdo.ffootball,pmf.prop.ffootball,db.sportsim,jdo.sportsim,pmf.prop.sportsim,db.pickem,jdo.pickem,pmf.prop.pickem,rssFetcher,db.sportsfan,jdo.sportsfan,pmf.prop.sportsfan,sportsProfileLinkHelper,profanityFilter,pmf.sport,tx.sport,tx.t.sport,jt.sport,jtdsf.sport,rsdao.sport,sdao.sport,sdao.standing,sdao.standing.ncaaf,sdao.standing.ncaab,pmf.fandom,tx.fandom,tx.t.fandom,jt.fandom,jtdsf.fandom,rsdao.fandom,sdao.fandom.configs,sdao.fandom.core,sdao.fandom.invites,sdao.fandom.cheers,sdao.fandom.rally,sdao.fandom.brawls,sdao.fandom.fanwire,sdao.fandom.apptemplate,serverRootBackend-gsite,serverRootBackend-site,fanwarsAppEventExecutor,imageUrlHelper,fanwarsAppEventHandler,fandom.configs,fandom.configs.bean,fandomContextConfigMap,nav.main,oauth.client,oauth.keys,oauth.provider.myspace,oauth.provider.hi5,usspbase,ussProvider]; parent: org.springframework.beans.factory.support.DefaultListableBeanFactory@183f5e1
2008-08-13 10:41:09,562 [main] INFO  org.springframework.context.support.ClassPathXmlApplicationContext - Closing org.springframework.context.support.ClassPathXmlApplicationContext@112cc8e: display name [org.springframework.context.support.ClassPathXmlApplicationContext@112cc8e]; startup date [Wed Aug 13 10:40:57 GMT-08:00 2008]; root of context hierarchy
2008-08-13 10:41:09,562 [main] INFO  org.springframework.beans.factory.support.DefaultListableBeanFactory - Destroying singletons in org.springframework.beans.factory.support.DefaultListableBeanFactory@183f5e1: defining beans [common-conf-properties,common-conf-properties-configurer,tc-masterRoot,tc-ehcacheManager,tc-base-ehcacheManager,tc-lockCache,tc-cache-map-factory,tc-on-lockCache-withering,tc-on-lockCache-ehcache,tc-on-cache-map-factory,tc-off-lockCache,tc-off-cache-map-factory,tc-pcached]; root of factory hierarchy
Aug 13, 2008 10:41:12 AM org.apache.coyote.http11.Http11BaseProtocol start
INFO: Starting Coyote HTTP/1.1 on http-8080
Aug 13, 2008 10:41:12 AM org.apache.coyote.http11.Http11BaseProtocol start
INFO: Starting Coyote HTTP/1.1 on http-8443
Aug 13, 2008 10:41:12 AM org.apache.jk.common.ChannelSocket init
INFO: JK: ajp13 listening on /0.0.0.0:8009
Aug 13, 2008 10:41:12 AM org.apache.jk.server.JkMain start
INFO: Jk running ID=0 time=1/20  config=null
Aug 13, 2008 10:41:12 AM org.apache.catalina.storeconfig.StoreLoader load
INFO: Find registry server-registry.xml at classpath resource
Aug 13, 2008 10:41:12 AM org.apache.catalina.startup.Catalina start
INFO: Server startup in 25561 ms
